2025-11-03T10:15:54.361112Z  WARN ax_tree::observer: failed to register notification for 'java' pid=33747 notification=AXApplicationActivated status=AXError(-25204)
2025-11-03T10:15:54.361269Z  WARN ax_tree::observer: failed to register notification for 'java' pid=33747 notification=AXFocusedWindowChanged status=AXError(-25204)
2025-11-03T10:15:54.361352Z  WARN ax_tree::observer: failed to register notification for 'java' pid=33747 notification=AXTitleChanged status=AXError(-25204)
2025-11-03T10:15:54.361416Z  WARN ax_tree::observer: failed to register notification for 'java' pid=33747 notification=AXValueChanged status=AXError(-25204)
2025-11-03T10:15:54.361514Z  WARN ax_tree::observer: failed to register notification for 'java' pid=33747 notification=AXFocusedUIElementChanged status=AXError(-25204)
2025-11-03T10:15:54.361617Z  WARN ax_tree::observer: failed to register notification for 'java' pid=33747 notification=AXVisibleChildrenChanged status=AXError(-25204)
2025-11-03T10:15:54.362127Z  WARN ax_tree::observer: failed to register notification for 'UIKitSystem' pid=56437 notification=AXApplicationActivated status=AXError(-25204)
2025-11-03T10:15:54.362208Z  WARN ax_tree::observer: failed to register notification for 'UIKitSystem' pid=56437 notification=AXFocusedWindowChanged status=AXError(-25204)
2025-11-03T10:15:54.362283Z  WARN ax_tree::observer: failed to register notification for 'UIKitSystem' pid=56437 notification=AXTitleChanged status=AXError(-25204)
2025-11-03T10:15:54.362344Z  WARN ax_tree::observer: failed to register notification for 'UIKitSystem' pid=56437 notification=AXValueChanged status=AXError(-25204)
2025-11-03T10:15:54.362425Z  WARN ax_tree::observer: failed to register notification for 'UIKitSystem' pid=56437 notification=AXFocusedUIElementChanged status=AXError(-25204)
2025-11-03T10:15:54.362526Z  WARN ax_tree::observer: failed to register notification for 'UIKitSystem' pid=56437 notification=AXVisibleChildrenChanged status=AXError(-25204)
2025-11-03T10:15:54.719484Z  WARN ax_tree::tree: Failed to build child 1 at depth 3: GetAttributesFailed("AxError(AXError(-25202))")
2025-11-03T10:16:29.101976Z  WARN ax_tree::tree: Failed to build child 8 at depth 0: GetAttributesFailed("AxError(AXError(-25202))")
2025-11-03T10:16:29.713097Z  WARN ax_tree::tree: Failed to build child 1 at depth 3: GetAttributesFailed("AxError(AXError(-25202))")
2025-11-03T10:16:30.837729Z  WARN ax_tree::tree: Failed to build child 1 at depth 3: GetAttributesFailed("AxError(AXError(-25202))")
2025-11-03T10:16:31.956967Z  WARN ax_tree::tree: Failed to build child 1 at depth 3: GetAttributesFailed("AxError(AXError(-25202))")
2025-11-03T10:16:32.941558Z  WARN ax_tree::tree: Failed to build child 1 at depth 3: GetAttributesFailed("AxError(AXError(-25202))")
2025-11-03T10:16:34.038891Z  WARN ax_tree::tree: Failed to build child 1 at depth 3: GetAttributesFailed("AxError(AXError(-25202))")
2025-11-03T10:16:35.029935Z  WARN ax_tree::tree: Failed to build child 1 at depth 3: GetAttributesFailed("AxError(AXError(-25202))")
2025-11-03T10:16:36.100547Z  WARN ax_tree::tree: Failed to build child 1 at depth 3: GetAttributesFailed("AxError(AXError(-25202))")
2025-11-03T10:16:37.179421Z  WARN ax_tree::tree: Failed to build child 1 at depth 3: GetAttributesFailed("AxError(AXError(-25202))")
2025-11-03T10:16:38.185890Z  WARN ax_tree::tree: Failed to build child 1 at depth 3: GetAttributesFailed("AxError(AXError(-25202))")
2025-11-03T10:16:39.179230Z  WARN ax_tree::tree: Failed to build child 1 at depth 3: GetAttributesFailed("AxError(AXError(-25202))")
2025-11-03T10:16:40.186954Z  WARN ax_tree::tree: Failed to build child 1 at depth 3: GetAttributesFailed("AxError(AXError(-25202))")
2025-11-03T10:16:41.165259Z  WARN ax_tree::tree: Failed to build child 1 at depth 3: GetAttributesFailed("AxError(AXError(-25202))")
2025-11-03T10:16:42.270859Z  WARN ax_tree::tree: Failed to build child 1 at depth 3: GetAttributesFailed("AxError(AXError(-25202))")
2025-11-03T10:16:43.295099Z  WARN ax_tree::tree: Failed to build child 1 at depth 3: GetAttributesFailed("AxError(AXError(-25202))")
2025-11-03T10:16:44.297141Z  WARN ax_tree::tree: Failed to build child 1 at depth 3: GetAttributesFailed("AxError(AXError(-25202))")
2025-11-03T10:16:45.281135Z  WARN ax_tree::tree: Failed to build child 1 at depth 3: GetAttributesFailed("AxError(AXError(-25202))")
2025-11-03T10:32:47.208615Z  WARN ax_tree::observer: failed to register notification for 'java' pid=33747 notification=AXApplicationActivated status=AXError(-25204)
2025-11-03T10:32:47.208718Z  WARN ax_tree::observer: failed to register notification for 'java' pid=33747 notification=AXFocusedWindowChanged status=AXError(-25204)
2025-11-03T10:32:47.208776Z  WARN ax_tree::observer: failed to register notification for 'java' pid=33747 notification=AXTitleChanged status=AXError(-25204)
2025-11-03T10:32:47.208831Z  WARN ax_tree::observer: failed to register notification for 'java' pid=33747 notification=AXValueChanged status=AXError(-25204)
2025-11-03T10:32:47.208887Z  WARN ax_tree::observer: failed to register notification for 'java' pid=33747 notification=AXFocusedUIElementChanged status=AXError(-25204)
2025-11-03T10:32:47.208937Z  WARN ax_tree::observer: failed to register notification for 'java' pid=33747 notification=AXVisibleChildrenChanged status=AXError(-25204)
2025-11-03T10:32:47.209306Z  WARN ax_tree::observer: failed to register notification for 'UIKitSystem' pid=56437 notification=AXApplicationActivated status=AXError(-25204)
2025-11-03T10:32:47.209360Z  WARN ax_tree::observer: failed to register notification for 'UIKitSystem' pid=56437 notification=AXFocusedWindowChanged status=AXError(-25204)
2025-11-03T10:32:47.209418Z  WARN ax_tree::observer: failed to register notification for 'UIKitSystem' pid=56437 notification=AXTitleChanged status=AXError(-25204)
2025-11-03T10:32:47.209489Z  WARN ax_tree::observer: failed to register notification for 'UIKitSystem' pid=56437 notification=AXValueChanged status=AXError(-25204)
2025-11-03T10:32:47.209548Z  WARN ax_tree::observer: failed to register notification for 'UIKitSystem' pid=56437 notification=AXFocusedUIElementChanged status=AXError(-25204)
2025-11-03T10:32:47.209624Z  WARN ax_tree::observer: failed to register notification for 'UIKitSystem' pid=56437 notification=AXVisibleChildrenChanged status=AXError(-25204)
2025-11-03T10:32:47.585357Z  WARN ax_tree::tree: Failed to build child 1 at depth 3: GetAttributesFailed("AxError(AXError(-25202))")
2025-11-03T10:32:48.360564Z  WARN ax_tree::tree: Failed to build child 1 at depth 3: GetAttributesFailed("AxError(AXError(-25202))")
2025-11-03T10:32:49.530782Z  WARN ax_tree::tree: Failed to build child 1 at depth 3: GetAttributesFailed("AxError(AXError(-25202))")
2025-11-03T10:32:50.880976Z  WARN ax_tree::tree: Failed to build child 1 at depth 3: GetAttributesFailed("AxError(AXError(-25202))")
2025-11-03T10:32:52.563473Z  WARN ax_tree::tree: Failed to build child 1 at depth 3: GetAttributesFailed("AxError(AXError(-25202))")
2025-11-03T10:32:53.447702Z  WARN ax_tree::tree: Failed to build child 1 at depth 3: GetAttributesFailed("AxError(AXError(-25202))")
2025-11-03T10:32:54.371415Z  WARN ax_tree::tree: Failed to build child 1 at depth 3: GetAttributesFailed("AxError(AXError(-25202))")
2025-11-03T10:32:55.259456Z  WARN ax_tree::tree: Failed to build child 1 at depth 3: GetAttributesFailed("AxError(AXError(-25202))")
2025-11-03T10:32:56.160567Z  WARN ax_tree::tree: Failed to build child 1 at depth 3: GetAttributesFailed("AxError(AXError(-25202))")
2025-11-03T10:32:57.262148Z  WARN ax_tree::tree: Failed to build child 1 at depth 3: GetAttributesFailed("AxError(AXError(-25202))")
2025-11-03T10:32:58.277089Z  WARN ax_tree::tree: Failed to build child 1 at depth 3: GetAttributesFailed("AxError(AXError(-25202))")
2025-11-03T10:32:59.178315Z  WARN ax_tree::tree: Failed to build child 1 at depth 3: GetAttributesFailed("AxError(AXError(-25202))")
2025-11-03T10:33:00.105884Z  WARN ax_tree::tree: Failed to build child 1 at depth 3: GetAttributesFailed("AxError(AXError(-25202))")
2025-11-03T10:33:01.089883Z  WARN ax_tree::tree: Failed to build child 1 at depth 3: GetAttributesFailed("AxError(AXError(-25202))")
2025-11-03T10:33:02.264414Z  WARN ax_tree::tree: Failed to build child 1 at depth 3: GetAttributesFailed("AxError(AXError(-25202))")
2025-11-03T10:33:03.818968Z  WARN ax_tree::tree: Failed to build child 1 at depth 3: GetAttributesFailed("AxError(AXError(-25202))")
2025-11-03T10:33:05.221854Z  WARN ax_tree::tree: Failed to build child 1 at depth 3: GetAttributesFailed("AxError(AXError(-25202))")
2025-11-03T10:33:06.196606Z  WARN ax_tree::tree: Failed to build child 1 at depth 3: GetAttributesFailed("AxError(AXError(-25202))")
2025-11-03T10:33:07.076637Z  WARN ax_tree::tree: Failed to build child 1 at depth 3: GetAttributesFailed("AxError(AXError(-25202))")
2025-11-03T10:33:07.997117Z  WARN ax_tree::tree: Failed to build child 1 at depth 3: GetAttributesFailed("AxError(AXError(-25202))")
2025-11-03T10:33:08.932844Z  WARN ax_tree::tree: Failed to build child 1 at depth 3: GetAttributesFailed("AxError(AXError(-25202))")
2025-11-03T10:33:09.829334Z  WARN ax_tree::tree: Failed to build child 1 at depth 3: GetAttributesFailed("AxError(AXError(-25202))")
2025-11-03T10:33:10.723113Z  WARN ax_tree::tree: Failed to build child 1 at depth 3: GetAttributesFailed("AxError(AXError(-25202))")
2025-11-03T10:33:11.649640Z  WARN ax_tree::tree: Failed to build child 1 at depth 3: GetAttributesFailed("AxError(AXError(-25202))")
2025-11-03T10:33:12.553300Z  WARN ax_tree::tree: Failed to build child 1 at depth 3: GetAttributesFailed("AxError(AXError(-25202))")
2025-11-03T10:33:13.456616Z  WARN ax_tree::tree: Failed to build child 1 at depth 3: GetAttributesFailed("AxError(AXError(-25202))")
2025-11-03T10:33:14.381744Z  WARN ax_tree::tree: Failed to build child 1 at depth 3: GetAttributesFailed("AxError(AXError(-25202))")
2025-11-03T10:33:15.368498Z  WARN ax_tree::tree: Failed to build child 1 at depth 3: GetAttributesFailed("AxError(AXError(-25202))")
